<?xml version="1.0" encoding="UTF-8"?>
<coverage generated="1552660648541" clover="3.2.0">
  <project timestamp="1552660648541" name="All files">
    <metrics statements="22" coveredstatements="22" conditionals="19" coveredconditionals="17" methods="8" coveredmethods="8" elements="49" coveredelements="47" complexity="0" loc="22" ncloc="22" packages="1" files="1" classes="1">
      <file name="index.js" path="/Users/las/Sites/vue-packages/lib/index.js">
        <metrics statements="22" coveredstatements="22" conditionals="19" coveredconditionals="17" methods="8" coveredmethods="8"/>
        <line num="2" count="3" type="stmt"/>
        <line num="3" count="3" type="stmt"/>
        <line num="4" count="4" type="stmt"/>
        <line num="6" count="2" type="stmt"/>
        <line num="11" count="3" type="stmt"/>
        <line num="12" count="3" type="stmt"/>
        <line num="13" count="4" type="stmt"/>
        <line num="15" count="2" type="stmt"/>
        <line num="16" count="2" type="cond" truecount="1" falsecount="1"/>
        <line num="18" count="2" type="stmt"/>
        <line num="20" count="2" type="cond" truecount="4" falsecount="0"/>
        <line num="21" count="1" type="stmt"/>
        <line num="22" count="1" type="cond" truecount="2" falsecount="0"/>
        <line num="23" count="1" type="cond" truecount="1" falsecount="1"/>
        <line num="25" count="1" type="stmt"/>
        <line num="33" count="3" type="cond" truecount="2" falsecount="0"/>
        <line num="38" count="1" type="stmt"/>
        <line num="41" count="2" type="cond" truecount="2" falsecount="0"/>
        <line num="42" count="2" type="cond" truecount="2" falsecount="0"/>
        <line num="44" count="2" type="stmt"/>
        <line num="46" count="4" type="stmt"/>
        <line num="49" count="2" type="stmt"/>
      </file>
    </metrics>
  </project>
</coverage>
