{"/Users/las/Sites/vue-packages/lib/index.js": {"path":"/Users/las/Sites/vue-packages/lib/index.js","statementMap":{"0":{"start":{"line":2,"column":30},"end":{"line":8,"column":1}},"1":{"start":{"line":3,"column":2},"end":{"line":7,"column":6}},"2":{"start":{"line":4,"column":19},"end":{"line":4,"column":60}},"3":{"start":{"line":6,"column":6},"end":{"line":6,"column":51}},"4":{"start":{"line":11,"column":31},"end":{"line":29,"column":1}},"5":{"start":{"line":12,"column":2},"end":{"line":28,"column":6}},"6":{"start":{"line":13,"column":19},"end":{"line":13,"column":61}},"7":{"start":{"line":15,"column":57},"end":{"line":15,"column":76}},"8":{"start":{"line":16,"column":6},"end":{"line":19,"column":7}},"9":{"start":{"line":18,"column":8},"end":{"line":18,"column":38}},"10":{"start":{"line":20,"column":6},"end":{"line":27,"column":7}},"11":{"start":{"line":21,"column":8},"end":{"line":26,"column":10}},"12":{"start":{"line":22,"column":29},"end":{"line":22,"column":77}},"13":{"start":{"line":23,"column":10},"end":{"line":23,"column":62}},"14":{"start":{"line":23,"column":56},"end":{"line":23,"column":62}},"15":{"start":{"line":25,"column":10},"end":{"line":25,"column":70}},"16":{"start":{"line":33,"column":2},"end":{"line":39,"column":3}},"17":{"start":{"line":38,"column":4},"end":{"line":38,"column":60}},"18":{"start":{"line":41,"column":2},"end":{"line":41,"column":43}},"19":{"start":{"line":41,"column":13},"end":{"line":41,"column":43}},"20":{"start":{"line":42,"column":2},"end":{"line":42,"column":46}},"21":{"start":{"line":42,"column":14},"end":{"line":42,"column":46}},"22":{"start":{"line":44,"column":2},"end":{"line":51,"column":3}},"23":{"start":{"line":46,"column":6},"end":{"line":46,"column":26}},"24":{"start":{"line":49,"column":6},"end":{"line":49,"column":20}}},"fnMap":{"0":{"name":"(anonymous_0)","decl":{"start":{"line":2,"column":30},"end":{"line":2,"column":31}},"loc":{"start":{"line":2,"column":50},"end":{"line":8,"column":1}},"line":2},"1":{"name":"(anonymous_1)","decl":{"start":{"line":4,"column":12},"end":{"line":4,"column":13}},"loc":{"start":{"line":4,"column":19},"end":{"line":4,"column":60}},"line":4},"2":{"name":"(anonymous_2)","decl":{"start":{"line":5,"column":13},"end":{"line":5,"column":14}},"loc":{"start":{"line":5,"column":20},"end":{"line":7,"column":5}},"line":5},"3":{"name":"(anonymous_3)","decl":{"start":{"line":11,"column":31},"end":{"line":11,"column":32}},"loc":{"start":{"line":11,"column":52},"end":{"line":29,"column":1}},"line":11},"4":{"name":"(anonymous_4)","decl":{"start":{"line":13,"column":12},"end":{"line":13,"column":13}},"loc":{"start":{"line":13,"column":19},"end":{"line":13,"column":61}},"line":13},"5":{"name":"(anonymous_5)","decl":{"start":{"line":14,"column":13},"end":{"line":14,"column":14}},"loc":{"start":{"line":14,"column":20},"end":{"line":28,"column":5}},"line":14},"6":{"name":"(anonymous_6)","decl":{"start":{"line":21,"column":43},"end":{"line":21,"column":44}},"loc":{"start":{"line":21,"column":59},"end":{"line":26,"column":9}},"line":21},"7":{"name":"(anonymous_7)","decl":{"start":{"line":32,"column":15},"end":{"line":32,"column":16}},"loc":{"start":{"line":32,"column":52},"end":{"line":52,"column":1}},"line":32}},"branchMap":{"0":{"loc":{"start":{"line":16,"column":6},"end":{"line":19,"column":7}},"type":"if","locations":[{"start":{"line":16,"column":6},"end":{"line":19,"column":7}},{"start":{"line":16,"column":6},"end":{"line":19,"column":7}}],"line":16},"1":{"loc":{"start":{"line":20,"column":6},"end":{"line":27,"column":7}},"type":"if","locations":[{"start":{"line":20,"column":6},"end":{"line":27,"column":7}},{"start":{"line":20,"column":6},"end":{"line":27,"column":7}}],"line":20},"2":{"loc":{"start":{"line":20,"column":10},"end":{"line":20,"column":64}},"type":"binary-expr","locations":[{"start":{"line":20,"column":10},"end":{"line":20,"column":23}},{"start":{"line":20,"column":27},"end":{"line":20,"column":64}}],"line":20},"3":{"loc":{"start":{"line":22,"column":29},"end":{"line":22,"column":77}},"type":"binary-expr","locations":[{"start":{"line":22,"column":29},"end":{"line":22,"column":61}},{"start":{"line":22,"column":65},"end":{"line":22,"column":77}}],"line":22},"4":{"loc":{"start":{"line":23,"column":10},"end":{"line":23,"column":62}},"type":"if","locations":[{"start":{"line":23,"column":10},"end":{"line":23,"column":62}},{"start":{"line":23,"column":10},"end":{"line":23,"column":62}}],"line":23},"5":{"loc":{"start":{"line":33,"column":2},"end":{"line":39,"column":3}},"type":"if","locations":[{"start":{"line":33,"column":2},"end":{"line":39,"column":3}},{"start":{"line":33,"column":2},"end":{"line":39,"column":3}}],"line":33},"6":{"loc":{"start":{"line":34,"column":4},"end":{"line":36,"column":35}},"type":"binary-expr","locations":[{"start":{"line":34,"column":4},"end":{"line":34,"column":12}},{"start":{"line":35,"column":4},"end":{"line":35,"column":31}},{"start":{"line":36,"column":4},"end":{"line":36,"column":35}}],"line":34},"7":{"loc":{"start":{"line":41,"column":2},"end":{"line":41,"column":43}},"type":"if","locations":[{"start":{"line":41,"column":2},"end":{"line":41,"column":43}},{"start":{"line":41,"column":2},"end":{"line":41,"column":43}}],"line":41},"8":{"loc":{"start":{"line":42,"column":2},"end":{"line":42,"column":46}},"type":"if","locations":[{"start":{"line":42,"column":2},"end":{"line":42,"column":46}},{"start":{"line":42,"column":2},"end":{"line":42,"column":46}}],"line":42}},"s":{"0":3,"1":3,"2":4,"3":2,"4":3,"5":3,"6":4,"7":2,"8":2,"9":2,"10":2,"11":1,"12":1,"13":1,"14":0,"15":1,"16":3,"17":1,"18":2,"19":1,"20":2,"21":1,"22":2,"23":4,"24":2},"f":{"0":3,"1":4,"2":2,"3":3,"4":4,"5":2,"6":1,"7":3},"b":{"0":[2,0],"1":[1,1],"2":[2,2],"3":[1,1],"4":[0,1],"5":[1,2],"6":[3,2,2],"7":[1,1],"8":[1,1]},"_coverageSchema":"332fd63041d2c1bcb487cc26dd0d5f7d97098a6c","hash":"9d32b6556ff4bff32b93fb7b6447d0f791afbeeb"}
}
