TN:
SF:/Users/las/Sites/vue-packages/lib/index.js
FN:2,(anonymous_0)
FN:4,(anonymous_1)
FN:5,(anonymous_2)
FN:11,(anonymous_3)
FN:13,(anonymous_4)
FN:14,(anonymous_5)
FN:21,(anonymous_6)
FN:32,(anonymous_7)
FNF:8
FNH:8
FNDA:3,(anonymous_0)
FNDA:4,(anonymous_1)
FNDA:2,(anonymous_2)
FNDA:3,(anonymous_3)
FNDA:4,(anonymous_4)
FNDA:2,(anonymous_5)
FNDA:1,(anonymous_6)
FNDA:3,(anonymous_7)
DA:2,3
DA:3,3
DA:4,4
DA:6,2
DA:11,3
DA:12,3
DA:13,4
DA:15,2
DA:16,2
DA:18,2
DA:20,2
DA:21,1
DA:22,1
DA:23,1
DA:25,1
DA:33,3
DA:38,1
DA:41,2
DA:42,2
DA:44,2
DA:46,4
DA:49,2
LF:22
LH:22
BRDA:16,0,0,2
BRDA:16,0,1,0
BRDA:20,1,0,1
BRDA:20,1,1,1
BRDA:20,2,0,2
BRDA:20,2,1,2
BRDA:22,3,0,1
BRDA:22,3,1,1
BRDA:23,4,0,0
BRDA:23,4,1,1
BRDA:33,5,0,1
BRDA:33,5,1,2
BRDA:34,6,0,3
BRDA:34,6,1,2
BRDA:34,6,2,2
BRDA:41,7,0,1
BRDA:41,7,1,1
BRDA:42,8,0,1
BRDA:42,8,1,1
BRF:19
BRH:17
end_of_record
